<?xml version="1.0" encoding="UTF-8"?>
<testsuite id="TEST-EventProviderTest" errors="0" failures="0" name="JsUnitTestCase" tests="8" time="1.031"><properties><property name="JsUnitVersion" value="2.1" /><property name="userAgent" value="Mozilla/5.0 (Windows; U; Windows NT 5.1; en-US; rv:1.8.1.16) Gecko/20080702 Firefox/2.0.0.16" /><property name="remoteAddress" value="127.0.0.1" /><property name="baseURL" value="file:///c:/Documents and Settings/Harlan/xmpp4js/target/test-scripts/EventProviderTest.html" /></properties><testcase name="file:///c:/Documents%20and%20Settings/Harlan/xmpp4js/target/test-scripts/EventProviderTest.html:testAddListenerSingleOptionSingle" time="0.0" /><testcase name="file:///c:/Documents%20and%20Settings/Harlan/xmpp4js/target/test-scripts/EventProviderTest.html:testRemoveListenerMultiple" time="0.0" /><testcase name="file:///c:/Documents%20and%20Settings/Harlan/xmpp4js/target/test-scripts/EventProviderTest.html:testRemoveListenerSingle" time="0.0" /><testcase name="file:///c:/Documents%20and%20Settings/Harlan/xmpp4js/target/test-scripts/EventProviderTest.html:testAddListenerMultipleScopeInline" time="0.0" /><testcase name="file:///c:/Documents%20and%20Settings/Harlan/xmpp4js/target/test-scripts/EventProviderTest.html:testAddListenerMultiple" time="0.0" /><testcase name="file:///c:/Documents%20and%20Settings/Harlan/xmpp4js/target/test-scripts/EventProviderTest.html:testAddListenerSingleScope" time="0.0" /><testcase name="file:///c:/Documents%20and%20Settings/Harlan/xmpp4js/target/test-scripts/EventProviderTest.html:testAddListenerSingleArg" time="0.0" /><testcase name="file:///c:/Documents%20and%20Settings/Harlan/xmpp4js/target/test-scripts/EventProviderTest.html:testAddListenerSingle" time="0.0" /></testsuite>
