<?xml version="1.0" encoding="UTF-8"?>
<testsuite id="TEST-StanzaProviderTest" errors="0" failures="0" name="JsUnitTestCase" tests="7" time="0.906"><properties><property name="JsUnitVersion" value="2.1" /><property name="userAgent" value="Mozilla/5.0 (Windows; U; Windows NT 5.1; en-US; rv:1.8.1.16) Gecko/20080702 Firefox/2.0.0.16" /><property name="remoteAddress" value="127.0.0.1" /><property name="baseURL" value="file:///c:/Documents and Settings/Harlan/xmpp4js/target/test-scripts/StanzaProviderTest.html" /></properties><testcase name="file:///c:/Documents%20and%20Settings/Harlan/xmpp4js/target/test-scripts/StanzaProviderTest.html:testPresenceProvider" time="0.0" /><testcase name="file:///c:/Documents%20and%20Settings/Harlan/xmpp4js/target/test-scripts/StanzaProviderTest.html:testMessageProvider" time="0.0" /><testcase name="file:///c:/Documents%20and%20Settings/Harlan/xmpp4js/target/test-scripts/StanzaProviderTest.html:testIQProvider" time="0.0" /><testcase name="file:///c:/Documents%20and%20Settings/Harlan/xmpp4js/target/test-scripts/StanzaProviderTest.html:testBaseProvider" time="0.0" /><testcase name="file:///c:/Documents%20and%20Settings/Harlan/xmpp4js/target/test-scripts/StanzaProviderTest.html:testPriority" time="0.0" /><testcase name="file:///c:/Documents%20and%20Settings/Harlan/xmpp4js/target/test-scripts/StanzaProviderTest.html:testRegister" time="0.0" /><testcase name="file:///c:/Documents%20and%20Settings/Harlan/xmpp4js/target/test-scripts/StanzaProviderTest.html:testNoRegisteredProviders" time="0.0" /></testsuite>
