<?xml version="1.0" encoding="UTF-8"?>
<testsuite id="TEST-BOSHTransportTest" errors="3" failures="0" name="JsUnitTestCase" tests="3" time="1.61"><properties><property name="JsUnitVersion" value="2.1" /><property name="userAgent" value="Mozilla/5.0 (Windows; U; Windows NT 5.1; en-US; rv:1.8.1.16) Gecko/20080702 Firefox/2.0.0.16" /><property name="remoteAddress" value="127.0.0.1" /><property name="baseURL" value="file:///c:/Documents and Settings/Harlan/xmpp4js/target/test-scripts/BOSHTransportTest.html" /></properties><testcase name="file:///c:/Documents%20and%20Settings/Harlan/xmpp4js/target/test-scripts/BOSHTransportTest.html:testWrite_RID" time="0.953"><error message="Error message is: &quot;[Exception... &quot;Component returned failure code: 0x80070057 (NS_ERROR_ILLEGAL_VALUE) [nsIXMLHttpRequest.open]&quot; nsresult: &quot;0x80070057 (NS_ERROR_ILLEGAL_VALUE)&quot; location: &quot;JS frame :: javascript: eval(__firebugTemp__); :: anonymous :: line 1&quot; data: no]&quot;" /></testcase><testcase name="file:///c:/Documents%20and%20Settings/Harlan/xmpp4js/target/test-scripts/BOSHTransportTest.html:testWriteRaw" time="0.0"><error message="Error message is: &quot;[Exception... &quot;Component returned failure code: 0x80070057 (NS_ERROR_ILLEGAL_VALUE) [nsIXMLHttpRequest.open]&quot; nsresult: &quot;0x80070057 (NS_ERROR_ILLEGAL_VALUE)&quot; location: &quot;JS frame :: javascript: eval(__firebugTemp__); :: anonymous :: line 1&quot; data: no]&quot;" /></testcase><testcase name="file:///c:/Documents%20and%20Settings/Harlan/xmpp4js/target/test-scripts/BOSHTransportTest.html:testBeginSession" time="0.0"><error message="Error message is: &quot;[Exception... &quot;Component returned failure code: 0x80070057 (NS_ERROR_ILLEGAL_VALUE) [nsIXMLHttpRequest.open]&quot; nsresult: &quot;0x80070057 (NS_ERROR_ILLEGAL_VALUE)&quot; location: &quot;JS frame :: javascript: eval(__firebugTemp__); :: anonymous :: line 1&quot; data: no]&quot;" /></testcase></testsuite>
