<?xml version="1.0" encoding="UTF-8"?>
<testsuite id="TEST-Md5SaslTest" errors="0" failures="0" name="JsUnitTestCase" tests="6" time="1.125"><properties><property name="JsUnitVersion" value="2.1" /><property name="userAgent" value="Mozilla/5.0 (Windows; U; Windows NT 5.1; en-US; rv:1.8.1.16) Gecko/20080702 Firefox/2.0.0.16" /><property name="remoteAddress" value="127.0.0.1" /><property name="baseURL" value="file:///c:/Documents and Settings/Harlan/xmpp4js/target/test-scripts/Md5SaslTest.html" /></properties><testcase name="file:///c:/Documents%20and%20Settings/Harlan/xmpp4js/target/test-scripts/Md5SaslTest.html:testCheckResponseFalse" time="0.0" /><testcase name="file:///c:/Documents%20and%20Settings/Harlan/xmpp4js/target/test-scripts/Md5SaslTest.html:testCheckResponseTrue" time="0.015" /><testcase name="file:///c:/Documents%20and%20Settings/Harlan/xmpp4js/target/test-scripts/Md5SaslTest.html:testComputeChallengeResponse" time="0.015" /><testcase name="file:///c:/Documents%20and%20Settings/Harlan/xmpp4js/target/test-scripts/Md5SaslTest.html:testDeserializeFieldsUnquoted" time="0.0" /><testcase name="file:///c:/Documents%20and%20Settings/Harlan/xmpp4js/target/test-scripts/Md5SaslTest.html:testDeserializeFields" time="0.0" /><testcase name="file:///c:/Documents%20and%20Settings/Harlan/xmpp4js/target/test-scripts/Md5SaslTest.html:testSerializeFields" time="0.0" /></testsuite>
