<?xml version="1.0" encoding="UTF-8"?>
<testsuite id="TEST-PacketReaderTest" errors="0" failures="0" name="JsUnitTestCase" tests="8" time="1.703"><properties><property name="JsUnitVersion" value="2.1" /><property name="userAgent" value="Mozilla/5.0 (Windows; U; Windows NT 5.1; en-US; rv:1.8.1.16) Gecko/20080702 Firefox/2.0.0.16" /><property name="remoteAddress" value="127.0.0.1" /><property name="baseURL" value="file:///c:/Documents and Settings/Harlan/xmpp4js/target/test-scripts/PacketReaderTest.html" /></properties><testcase name="file:///c:/Documents%20and%20Settings/Harlan/xmpp4js/target/test-scripts/PacketReaderTest.html:testHandleResponseRaw" time="0.0" /><testcase name="file:///c:/Documents%20and%20Settings/Harlan/xmpp4js/target/test-scripts/PacketReaderTest.html:testHandleResponseStanza" time="0.016" /><testcase name="file:///c:/Documents%20and%20Settings/Harlan/xmpp4js/target/test-scripts/PacketReaderTest.html:testHandleResponse" time="0.0" /><testcase name="file:///c:/Documents%20and%20Settings/Harlan/xmpp4js/target/test-scripts/PacketReaderTest.html:testAddMultiplePacketListenerWithErrors" time="0.094" /><testcase name="file:///c:/Documents%20and%20Settings/Harlan/xmpp4js/target/test-scripts/PacketReaderTest.html:testRemovePacketListener" time="0.031" /><testcase name="file:///c:/Documents%20and%20Settings/Harlan/xmpp4js/target/test-scripts/PacketReaderTest.html:testAddPacketListenerNoFilter" time="0.031" /><testcase name="file:///c:/Documents%20and%20Settings/Harlan/xmpp4js/target/test-scripts/PacketReaderTest.html:testAddPacketListenerNoMatch" time="0.0" /><testcase name="file:///c:/Documents%20and%20Settings/Harlan/xmpp4js/target/test-scripts/PacketReaderTest.html:testAddPacketListenerMatch" time="0.0" /></testsuite>
