<?xml version="1.0" encoding="UTF-8"?>
<testsuite id="TEST-ExtensionProviderTest" errors="0" failures="0" name="JsUnitTestCase" tests="11" time="1.516"><properties><property name="JsUnitVersion" value="2.1" /><property name="userAgent" value="Mozilla/5.0 (Windows; U; Windows NT 5.1; en-US; rv:1.8.1.16) Gecko/20080702 Firefox/2.0.0.16" /><property name="remoteAddress" value="127.0.0.1" /><property name="baseURL" value="file:///c:/Documents and Settings/Harlan/xmpp4js/target/test-scripts/ExtensionProviderTest.html" /></properties><testcase name="file:///c:/Documents%20and%20Settings/Harlan/xmpp4js/target/test-scripts/ExtensionProviderTest.html:testPacket_RemoveExtension" time="0.0" /><testcase name="file:///c:/Documents%20and%20Settings/Harlan/xmpp4js/target/test-scripts/ExtensionProviderTest.html:testPacket_AddExtension_OverExisting" time="0.0" /><testcase name="file:///c:/Documents%20and%20Settings/Harlan/xmpp4js/target/test-scripts/ExtensionProviderTest.html:testPacket_AddExtension" time="0.0" /><testcase name="file:///c:/Documents%20and%20Settings/Harlan/xmpp4js/target/test-scripts/ExtensionProviderTest.html:testPacket_GetExtensions_Unknown" time="0.015" /><testcase name="file:///c:/Documents%20and%20Settings/Harlan/xmpp4js/target/test-scripts/ExtensionProviderTest.html:testPacket_GetExtensions" time="0.0" /><testcase name="file:///c:/Documents%20and%20Settings/Harlan/xmpp4js/target/test-scripts/ExtensionProviderTest.html:testPacket_GetExtension" time="0.0" /><testcase name="file:///c:/Documents%20and%20Settings/Harlan/xmpp4js/target/test-scripts/ExtensionProviderTest.html:testChatState_Multiple" time="0.0" /><testcase name="file:///c:/Documents%20and%20Settings/Harlan/xmpp4js/target/test-scripts/ExtensionProviderTest.html:testChatState_Single" time="0.0" /><testcase name="file:///c:/Documents%20and%20Settings/Harlan/xmpp4js/target/test-scripts/ExtensionProviderTest.html:testMessageEvent_Empty" time="0.0" /><testcase name="file:///c:/Documents%20and%20Settings/Harlan/xmpp4js/target/test-scripts/ExtensionProviderTest.html:testMessageEvent_Multiple" time="0.0" /><testcase name="file:///c:/Documents%20and%20Settings/Harlan/xmpp4js/target/test-scripts/ExtensionProviderTest.html:testMessageEvent_Single" time="0.0" /></testsuite>
