<?xml version="1.0" encoding="UTF-8"?>
<testsuite id="TEST-ChatManagerTest" errors="0" failures="0" name="JsUnitTestCase" tests="19" time="2.016"><properties><property name="JsUnitVersion" value="2.1" /><property name="userAgent" value="Mozilla/5.0 (Windows; U; Windows NT 5.1; en-US; rv:1.8.1.16) Gecko/20080702 Firefox/2.0.0.16" /><property name="remoteAddress" value="127.0.0.1" /><property name="baseURL" value="file:///c:/Documents and Settings/Harlan/xmpp4js/target/test-scripts/ChatManagerTest.html" /></properties><testcase name="file:///c:/Documents%20and%20Settings/Harlan/xmpp4js/target/test-scripts/ChatManagerTest.html:testCloseChat_ChatObj" time="0.016" /><testcase name="file:///c:/Documents%20and%20Settings/Harlan/xmpp4js/target/test-scripts/ChatManagerTest.html:testCloseChat_ChatMan" time="0.0" /><testcase name="file:///c:/Documents%20and%20Settings/Harlan/xmpp4js/target/test-scripts/ChatManagerTest.html:testFindBestChat_Jid" time="0.0" /><testcase name="file:///c:/Documents%20and%20Settings/Harlan/xmpp4js/target/test-scripts/ChatManagerTest.html:testFindBestChat_Thread" time="0.0" /><testcase name="file:///c:/Documents%20and%20Settings/Harlan/xmpp4js/target/test-scripts/ChatManagerTest.html:testFindBestChat_None" time="0.0" /><testcase name="file:///c:/Documents%20and%20Settings/Harlan/xmpp4js/target/test-scripts/ChatManagerTest.html:testGetUserChat" time="0.0" /><testcase name="file:///c:/Documents%20and%20Settings/Harlan/xmpp4js/target/test-scripts/ChatManagerTest.html:testGetThreadChat" time="0.0" /><testcase name="file:///c:/Documents%20and%20Settings/Harlan/xmpp4js/target/test-scripts/ChatManagerTest.html:testReceiveMessage_Event_New" time="0.016" /><testcase name="file:///c:/Documents%20and%20Settings/Harlan/xmpp4js/target/test-scripts/ChatManagerTest.html:testReceiveMessage_Event_Two" time="0.031" /><testcase name="file:///c:/Documents%20and%20Settings/Harlan/xmpp4js/target/test-scripts/ChatManagerTest.html:testReceiveMessage_Event" time="0.016" /><testcase name="file:///c:/Documents%20and%20Settings/Harlan/xmpp4js/target/test-scripts/ChatManagerTest.html:testSendMessage_Text" time="0.0" /><testcase name="file:///c:/Documents%20and%20Settings/Harlan/xmpp4js/target/test-scripts/ChatManagerTest.html:testSendMessage_MessageStanza" time="0.0" /><testcase name="file:///c:/Documents%20and%20Settings/Harlan/xmpp4js/target/test-scripts/ChatManagerTest.html:testCreateMessage" time="0.0" /><testcase name="file:///c:/Documents%20and%20Settings/Harlan/xmpp4js/target/test-scripts/ChatManagerTest.html:testCreateChatWithThread" time="0.0" /><testcase name="file:///c:/Documents%20and%20Settings/Harlan/xmpp4js/target/test-scripts/ChatManagerTest.html:testCreateChat_DifferentThreads" time="0.0" /><testcase name="file:///c:/Documents%20and%20Settings/Harlan/xmpp4js/target/test-scripts/ChatManagerTest.html:testCreateChat_JidObject" time="0.0" /><testcase name="file:///c:/Documents%20and%20Settings/Harlan/xmpp4js/target/test-scripts/ChatManagerTest.html:testCreateChat" time="0.0" /><testcase name="file:///c:/Documents%20and%20Settings/Harlan/xmpp4js/target/test-scripts/ChatManagerTest.html:testMessageThreadFilter_False" time="0.016" /><testcase name="file:///c:/Documents%20and%20Settings/Harlan/xmpp4js/target/test-scripts/ChatManagerTest.html:testMessageThreadFilter_True" time="0.0" /></testsuite>
