<?xml version="1.0" encoding="UTF-8"?>
<testsuite id="TEST-PacketHelperTest" errors="0" failures="0" name="JsUnitTestCase" tests="9" time="1.094"><properties><property name="JsUnitVersion" value="2.1" /><property name="userAgent" value="Mozilla/5.0 (Windows; U; Windows NT 5.1; en-US; rv:1.8.1.16) Gecko/20080702 Firefox/2.0.0.16" /><property name="remoteAddress" value="127.0.0.1" /><property name="baseURL" value="file:///c:/Documents and Settings/Harlan/xmpp4js/target/test-scripts/PacketHelperTest.html" /></properties><testcase name="file:///c:/Documents%20and%20Settings/Harlan/xmpp4js/target/test-scripts/PacketHelperTest.html:testToFromJid" time="0.0" /><testcase name="file:///c:/Documents%20and%20Settings/Harlan/xmpp4js/target/test-scripts/PacketHelperTest.html:testCreatePresence" time="0.0" /><testcase name="file:///c:/Documents%20and%20Settings/Harlan/xmpp4js/target/test-scripts/PacketHelperTest.html:testCreateMessageThread_Multiple" time="0.0" /><testcase name="file:///c:/Documents%20and%20Settings/Harlan/xmpp4js/target/test-scripts/PacketHelperTest.html:testCreateMessageThread" time="0.0" /><testcase name="file:///c:/Documents%20and%20Settings/Harlan/xmpp4js/target/test-scripts/PacketHelperTest.html:testCreateMessageSubject" time="0.0" /><testcase name="file:///c:/Documents%20and%20Settings/Harlan/xmpp4js/target/test-scripts/PacketHelperTest.html:testCreateMessageDomBody" time="0.0" /><testcase name="file:///c:/Documents%20and%20Settings/Harlan/xmpp4js/target/test-scripts/PacketHelperTest.html:testCreateMessageTextBody" time="0.0" /><testcase name="file:///c:/Documents%20and%20Settings/Harlan/xmpp4js/target/test-scripts/PacketHelperTest.html:testCreateIQ" time="0.0" /><testcase name="file:///c:/Documents%20and%20Settings/Harlan/xmpp4js/target/test-scripts/PacketHelperTest.html:testCreatePacket" time="0.0" /></testsuite>
