<?xml version="1.0" encoding="UTF-8"?>
<testsuite id="TEST-PresenceManagerTest" errors="0" failures="0" name="JsUnitTestCase" tests="13" time="1.375"><properties><property name="JsUnitVersion" value="2.1" /><property name="userAgent" value="Mozilla/5.0 (Windows; U; Windows NT 5.1; en-US; rv:1.8.1.16) Gecko/20080702 Firefox/2.0.0.16" /><property name="remoteAddress" value="127.0.0.1" /><property name="baseURL" value="file:///c:/Documents and Settings/Harlan/xmpp4js/target/test-scripts/PresenceManagerTest.html" /></properties><testcase name="file:///c:/Documents%20and%20Settings/Harlan/xmpp4js/target/test-scripts/PresenceManagerTest.html:testSetInvalidPresenceType" time="0.0" /><testcase name="file:///c:/Documents%20and%20Settings/Harlan/xmpp4js/target/test-scripts/PresenceManagerTest.html:testPresenceChangeOnDifferentResources" time="0.015" /><testcase name="file:///c:/Documents%20and%20Settings/Harlan/xmpp4js/target/test-scripts/PresenceManagerTest.html:testEventChange" time="0.0" /><testcase name="file:///c:/Documents%20and%20Settings/Harlan/xmpp4js/target/test-scripts/PresenceManagerTest.html:testPresenceRemoveAll" time="0.0" /><testcase name="file:///c:/Documents%20and%20Settings/Harlan/xmpp4js/target/test-scripts/PresenceManagerTest.html:testPresenceRemoveSingleResource" time="0.0" /><testcase name="file:///c:/Documents%20and%20Settings/Harlan/xmpp4js/target/test-scripts/PresenceManagerTest.html:testPresenceGetBestShowXaGTDnd" time="0.016" /><testcase name="file:///c:/Documents%20and%20Settings/Harlan/xmpp4js/target/test-scripts/PresenceManagerTest.html:testPresenceGetBestShowAwayGTXa" time="0.015" /><testcase name="file:///c:/Documents%20and%20Settings/Harlan/xmpp4js/target/test-scripts/PresenceManagerTest.html:testPresenceGetBestShowNormalGTAway" time="0.0" /><testcase name="file:///c:/Documents%20and%20Settings/Harlan/xmpp4js/target/test-scripts/PresenceManagerTest.html:testPresenceGetBestShowChatGTNormal" time="0.015" /><testcase name="file:///c:/Documents%20and%20Settings/Harlan/xmpp4js/target/test-scripts/PresenceManagerTest.html:testPresenceGetBestPriority" time="0.0" /><testcase name="file:///c:/Documents%20and%20Settings/Harlan/xmpp4js/target/test-scripts/PresenceManagerTest.html:testPresenceGetBestType" time="0.0" /><testcase name="file:///c:/Documents%20and%20Settings/Harlan/xmpp4js/target/test-scripts/PresenceManagerTest.html:testPresenceChange" time="0.0" /><testcase name="file:///c:/Documents%20and%20Settings/Harlan/xmpp4js/target/test-scripts/PresenceManagerTest.html:testPresenceAdd" time="0.016" /></testsuite>
