<?xml version="1.0" encoding="UTF-8"?>
<testsuite id="TEST-RosterItemManagerTest" errors="0" failures="0" name="JsUnitTestCase" tests="15" time="3.704"><properties><property name="JsUnitVersion" value="2.1" /><property name="userAgent" value="Mozilla/5.0 (Windows; U; Windows NT 5.1; en-US; rv:1.8.1.16) Gecko/20080702 Firefox/2.0.0.16" /><property name="remoteAddress" value="127.0.0.1" /><property name="baseURL" value="file:///c:/Documents and Settings/Harlan/xmpp4js/target/test-scripts/RosterItemManagerTest.html" /></properties><testcase name="file:///c:/Documents%20and%20Settings/Harlan/xmpp4js/target/test-scripts/RosterItemManagerTest.html:testSubSyncPacketListener" time="0.016" /><testcase name="file:///c:/Documents%20and%20Settings/Harlan/xmpp4js/target/test-scripts/RosterItemManagerTest.html:testPacketListener" time="0.016" /><testcase name="file:///c:/Documents%20and%20Settings/Harlan/xmpp4js/target/test-scripts/RosterItemManagerTest.html:testEventDeleteEntry" time="0.0" /><testcase name="file:///c:/Documents%20and%20Settings/Harlan/xmpp4js/target/test-scripts/RosterItemManagerTest.html:testEventUpdateEntry" time="0.0" /><testcase name="file:///c:/Documents%20and%20Settings/Harlan/xmpp4js/target/test-scripts/RosterItemManagerTest.html:testEventAddEntry" time="0.0" /><testcase name="file:///c:/Documents%20and%20Settings/Harlan/xmpp4js/target/test-scripts/RosterItemManagerTest.html:testRemoveEntry" time="0.0" /><testcase name="file:///c:/Documents%20and%20Settings/Harlan/xmpp4js/target/test-scripts/RosterItemManagerTest.html:testGetGroupsFromUnfiledEntry" time="0.0" /><testcase name="file:///c:/Documents%20and%20Settings/Harlan/xmpp4js/target/test-scripts/RosterItemManagerTest.html:testGetUnfiledContactsGroup" time="0.0" /><testcase name="file:///c:/Documents%20and%20Settings/Harlan/xmpp4js/target/test-scripts/RosterItemManagerTest.html:testAddEntryNoGroup" time="0.0" /><testcase name="file:///c:/Documents%20and%20Settings/Harlan/xmpp4js/target/test-scripts/RosterItemManagerTest.html:testGetEntryFromGroup" time="0.0" /><testcase name="file:///c:/Documents%20and%20Settings/Harlan/xmpp4js/target/test-scripts/RosterItemManagerTest.html:testGetGroupsFromEntry" time="0.0" /><testcase name="file:///c:/Documents%20and%20Settings/Harlan/xmpp4js/target/test-scripts/RosterItemManagerTest.html:testGetGroup" time="0.015" /><testcase name="file:///c:/Documents%20and%20Settings/Harlan/xmpp4js/target/test-scripts/RosterItemManagerTest.html:testGetGroups" time="0.0" /><testcase name="file:///c:/Documents%20and%20Settings/Harlan/xmpp4js/target/test-scripts/RosterItemManagerTest.html:testUpdate_IgnoresResource" time="0.0" /><testcase name="file:///c:/Documents%20and%20Settings/Harlan/xmpp4js/target/test-scripts/RosterItemManagerTest.html:testAddEntry" time="0.0" /></testsuite>
